<?xml version="1.0" encoding="UTF-8"?>
<!-- Generated by org.testng.reporters.JUnitXMLReporter -->
<testsuite ignored="0" hostname="TheCoder" failures="0" tests="3" name="Default test" time="33.328" errors="0" timestamp="2021-01-30T21:32:05 BDT">
  <testcase classname="com.bmc.qa.testcases.LoginPageTest" name="loginPageTitleTest" time="0.034"/>
  <testcase classname="com.bmc.qa.testcases.LoginPageTest" name="isItHomeTextAvailableTest" time="0.158"/>
  <testcase classname="com.bmc.qa.testcases.LoginPageTest" name="loginTest" time="19.339"/>
</testsuite> <!-- Default test -->
