<?xml version="1.0" encoding="UTF-8"?>
<testng-results ignored="0" total="3" passed="3" failed="0" skipped="0">
  <reporter-output>
  </reporter-output>
  <suite started-at="2021-01-30T01:03:23 BDT" name="Default suite" finished-at="2021-01-30T01:03:39 BDT" duration-ms="15020">
    <groups>
    </groups>
    <test started-at="2021-01-30T01:03:23 BDT" name="Default test" finished-at="2021-01-30T01:03:39 BDT" duration-ms="15020">
      <class name="com.bmc.qa.testcases.LoginPageTest">
        <test-method is-config="true" signature="setUp()[pri:0, instance:com.bmc.qa.testcases.LoginPageTest@3571b748]" started-at="2021-01-30T01:03:24 BDT" name="setUp" finished-at="2021-01-30T01:03:29 BDT" duration-ms="5722" status="PASS">
          <reporter-output>
          </reporter-output>
        </test-method> <!-- setUp -->
        <test-method signature="loginPageTitleTest()[pri:1, instance:com.bmc.qa.testcases.LoginPageTest@3571b748]" started-at="2021-01-30T01:03:29 BDT" name="loginPageTitleTest" finished-at="2021-01-30T01:03:29 BDT" duration-ms="33" status="PASS">
          <reporter-output>
          </reporter-output>
        </test-method> <!-- loginPageTitleTest -->
        <test-method is-config="true" signature="tearDown()[pri:0, instance:com.bmc.qa.testcases.LoginPageTest@3571b748]" started-at="2021-01-30T01:03:29 BDT" name="tearDown" finished-at="2021-01-30T01:03:30 BDT" duration-ms="908" status="PASS">
          <reporter-output>
          </reporter-output>
        </test-method> <!-- tearDown -->
        <test-method is-config="true" signature="setUp()[pri:0, instance:com.bmc.qa.testcases.LoginPageTest@3571b748]" started-at="2021-01-30T01:03:30 BDT" name="setUp" finished-at="2021-01-30T01:03:33 BDT" duration-ms="3087" status="PASS">
          <reporter-output>
          </reporter-output>
        </test-method> <!-- setUp -->
        <test-method signature="isItHomeTextAvailableTest()[pri:2, instance:com.bmc.qa.testcases.LoginPageTest@3571b748]" started-at="2021-01-30T01:03:33 BDT" name="isItHomeTextAvailableTest" finished-at="2021-01-30T01:03:33 BDT" duration-ms="128" status="PASS">
          <reporter-output>
          </reporter-output>
        </test-method> <!-- isItHomeTextAvailableTest -->
        <test-method is-config="true" signature="tearDown()[pri:0, instance:com.bmc.qa.testcases.LoginPageTest@3571b748]" started-at="2021-01-30T01:03:33 BDT" name="tearDown" finished-at="2021-01-30T01:03:34 BDT" duration-ms="855" status="PASS">
          <reporter-output>
          </reporter-output>
        </test-method> <!-- tearDown -->
        <test-method is-config="true" signature="setUp()[pri:0, instance:com.bmc.qa.testcases.LoginPageTest@3571b748]" started-at="2021-01-30T01:03:34 BDT" name="setUp" finished-at="2021-01-30T01:03:37 BDT" duration-ms="3060" status="PASS">
          <reporter-output>
          </reporter-output>
        </test-method> <!-- setUp -->
        <test-method signature="loginTest()[pri:3, instance:com.bmc.qa.testcases.LoginPageTest@3571b748]" started-at="2021-01-30T01:03:37 BDT" name="loginTest" finished-at="2021-01-30T01:03:38 BDT" duration-ms="263" status="PASS">
          <reporter-output>
          </reporter-output>
        </test-method> <!-- loginTest -->
        <test-method is-config="true" signature="tearDown()[pri:0, instance:com.bmc.qa.testcases.LoginPageTest@3571b748]" started-at="2021-01-30T01:03:38 BDT" name="tearDown" finished-at="2021-01-30T01:03:39 BDT" duration-ms="899" status="PASS">
          <reporter-output>
          </reporter-output>
        </test-method> <!-- tearDown -->
      </class> <!-- com.bmc.qa.testcases.LoginPageTest -->
    </test> <!-- Default test -->
  </suite> <!-- Default suite -->
</testng-results>
