<?xml version="1.0" encoding="UTF-8"?>
<testng-results ignored="0" total="3" passed="3" failed="0" skipped="0">
  <reporter-output>
  </reporter-output>
  <suite started-at="2021-01-30T21:31:32 BDT" name="Default suite" finished-at="2021-01-30T21:32:05 BDT" duration-ms="33328">
    <groups>
    </groups>
    <test started-at="2021-01-30T21:31:32 BDT" name="Default test" finished-at="2021-01-30T21:32:05 BDT" duration-ms="33328">
      <class name="com.bmc.qa.testcases.LoginPageTest">
        <test-method is-config="true" signature="setUp()[pri:0, instance:com.bmc.qa.testcases.LoginPageTest@3571b748]" started-at="2021-01-30T21:31:32 BDT" name="setUp" finished-at="2021-01-30T21:31:36 BDT" duration-ms="4246" status="PASS">
          <reporter-output>
          </reporter-output>
        </test-method> <!-- setUp -->
        <test-method signature="loginPageTitleTest()[pri:1, instance:com.bmc.qa.testcases.LoginPageTest@3571b748]" started-at="2021-01-30T21:31:36 BDT" name="loginPageTitleTest" finished-at="2021-01-30T21:31:36 BDT" duration-ms="34" status="PASS">
          <reporter-output>
          </reporter-output>
        </test-method> <!-- loginPageTitleTest -->
        <test-method is-config="true" signature="tearDown()[pri:0, instance:com.bmc.qa.testcases.LoginPageTest@3571b748]" started-at="2021-01-30T21:31:36 BDT" name="tearDown" finished-at="2021-01-30T21:31:37 BDT" duration-ms="1057" status="PASS">
          <reporter-output>
          </reporter-output>
        </test-method> <!-- tearDown -->
        <test-method is-config="true" signature="setUp()[pri:0, instance:com.bmc.qa.testcases.LoginPageTest@3571b748]" started-at="2021-01-30T21:31:37 BDT" name="setUp" finished-at="2021-01-30T21:31:41 BDT" duration-ms="3461" status="PASS">
          <reporter-output>
          </reporter-output>
        </test-method> <!-- setUp -->
        <test-method signature="isItHomeTextAvailableTest()[pri:2, instance:com.bmc.qa.testcases.LoginPageTest@3571b748]" started-at="2021-01-30T21:31:41 BDT" name="isItHomeTextAvailableTest" finished-at="2021-01-30T21:31:41 BDT" duration-ms="158" status="PASS">
          <reporter-output>
          </reporter-output>
        </test-method> <!-- isItHomeTextAvailableTest -->
        <test-method is-config="true" signature="tearDown()[pri:0, instance:com.bmc.qa.testcases.LoginPageTest@3571b748]" started-at="2021-01-30T21:31:41 BDT" name="tearDown" finished-at="2021-01-30T21:31:42 BDT" duration-ms="974" status="PASS">
          <reporter-output>
          </reporter-output>
        </test-method> <!-- tearDown -->
        <test-method is-config="true" signature="setUp()[pri:0, instance:com.bmc.qa.testcases.LoginPageTest@3571b748]" started-at="2021-01-30T21:31:42 BDT" name="setUp" finished-at="2021-01-30T21:31:45 BDT" duration-ms="3053" status="PASS">
          <reporter-output>
          </reporter-output>
        </test-method> <!-- setUp -->
        <test-method signature="loginTest()[pri:3, instance:com.bmc.qa.testcases.LoginPageTest@3571b748]" started-at="2021-01-30T21:31:45 BDT" name="loginTest" finished-at="2021-01-30T21:32:04 BDT" duration-ms="19339" status="PASS">
          <reporter-output>
          </reporter-output>
        </test-method> <!-- loginTest -->
        <test-method is-config="true" signature="tearDown()[pri:0, instance:com.bmc.qa.testcases.LoginPageTest@3571b748]" started-at="2021-01-30T21:32:04 BDT" name="tearDown" finished-at="2021-01-30T21:32:05 BDT" duration-ms="928" status="PASS">
          <reporter-output>
          </reporter-output>
        </test-method> <!-- tearDown -->
      </class> <!-- com.bmc.qa.testcases.LoginPageTest -->
    </test> <!-- Default test -->
  </suite> <!-- Default suite -->
</testng-results>
